<?xml version="1.0" encoding="UTF-8"?>
<testsuite name="org.oop.DistanceAndDirectionCalculatorTest" tests="1" skipped="0" failures="0" errors="0" timestamp="2021-04-21T05:40:00" hostname="pavans-MacBook-Pro.local" time="0.02">
  <properties/>
  <testcase name="originAndPointOnYAxisShouldBeHalfPiRadiansAway()" classname="org.oop.DistanceAndDirectionCalculatorTest" time="0.02"/>
  <system-out><![CDATA[]]></system-out>
  <system-err><![CDATA[]]></system-err>
</testsuite>
